<?xml version="1.0" encoding="UTF-8"?>
<!-- Generated by org.testng.reporters.JUnitReportReporter -->
<testsuite hostname="DESKTOP-LO5SJKH" failures="0" tests="2" name="Tests.emailTest" time="70.144" errors="0" timestamp="17 May 2021 16:30:30 GMT" skipped="0">
  <testcase classname="Tests.emailTest" name="startbroser" time="69.256"/>
  <testcase classname="Tests.emailTest" name="exitDriver" time="0.888"/>
</testsuite> <!-- Tests.emailTest -->
