<?xml version="1.0" encoding="UTF-8"?>
<!-- Generated by org.testng.reporters.JUnitReportReporter -->
<testsuite hostname="DESKTOP-LO5SJKH" failures="0" tests="1" name="SimpleLogin.Firsttest" time="54.905" errors="0" timestamp="27 Mar 2020 11:54:12 GMT" skipped="0">
  <testcase classname="SimpleLogin.Firsttest" name="firsttest1" time="54.905"/>
</testsuite> <!-- SimpleLogin.Firsttest -->
